2025-08-18 12:19:38,408 - files_reader - INFO: Функция сработала штатно, получены данные: {'user_currencies': ['USD', 'EUR']}
2025-08-18 12:19:38,413 - files_reader - ERROR: Произошла ошибка декодирования JSON в данных
2025-08-18 12:19:38,417 - files_reader - ERROR: Файл по пути wrong_path.json не найден
2025-08-18 12:19:38,732 - files_reader - INFO: Функция сработала штатно, получены данные:    column1 column2
0        1       A
1        2       B
2025-08-18 12:19:38,757 - files_reader - ERROR: Файл по пути dummy_path.xlsx не найден
2025-08-18 12:19:38,844 - files_reader - ERROR: Файл по пути C:\Users\Admin\PycharmProjects\Coursework_01\src\../data\operations.xlsx не найден
2025-08-18 12:19:38,844 - files_reader - ERROR: Файл по пути C:\Users\Admin\PycharmProjects\Coursework_01\src\../data\user_settings.json не найден
2025-08-18 12:19:38,844 - files_reader - ERROR: Файл по пути C:\Users\Admin\PycharmProjects\Coursework_01\src\../data\user_settings.json не найден
2025-08-18 12:22:23,805 - files_reader - INFO: Функция сработала штатно, получены данные: {'user_currencies': ['USD', 'EUR']}
2025-08-18 12:22:23,810 - files_reader - ERROR: Произошла ошибка декодирования JSON в данных
2025-08-18 12:22:23,814 - files_reader - ERROR: Файл по пути wrong_path.json не найден
2025-08-18 12:22:23,823 - files_reader - INFO: Функция сработала штатно, получены данные:    column1 column2
0        1       A
1        2       B
2025-08-18 12:22:23,828 - files_reader - ERROR: Файл по пути dummy_path.xlsx не найден
2025-08-18 12:22:23,857 - files_reader - ERROR: Файл по пути C:\Users\Admin\PycharmProjects\Coursework_01\src\../data\operations.xlsx не найден
2025-08-18 12:22:23,857 - files_reader - INFO: Функция сработала штатно, получены данные: {'user_currencies': ['USD', 'EUR', 'RUB'], 'user_stocks': ['AAPL', 'AMZN', 'GOOGL', 'MSFT', 'TSLA']}
2025-08-18 12:22:23,858 - files_reader - INFO: Функция сработала штатно, получены данные: {'user_currencies': ['USD', 'EUR', 'RUB'], 'user_stocks': ['AAPL', 'AMZN', 'GOOGL', 'MSFT', 'TSLA']}
2025-08-18 12:29:33,930 - files_reader - INFO: Функция сработала штатно, получены данные: {'user_currencies': ['USD', 'EUR']}
2025-08-18 12:29:33,953 - files_reader - ERROR: Произошла ошибка декодирования JSON в данных
2025-08-18 12:29:33,963 - files_reader - ERROR: Файл по пути wrong_path.json не найден
2025-08-18 12:29:34,252 - files_reader - INFO: Функция сработала штатно, получены данные:    column1 column2
0        1       A
1        2       B
2025-08-18 12:29:34,278 - files_reader - ERROR: Файл по пути dummy_path.xlsx не найден
2025-08-18 12:29:34,376 - files_reader - ERROR: Файл по пути C:\Users\Admin\PycharmProjects\Coursework_01\src\../data\operations.xlsx не найден
2025-08-18 12:29:34,394 - files_reader - INFO: Функция сработала штатно, получены данные: {'user_currencies': ['USD', 'EUR', 'RUB'], 'user_stocks': ['AAPL', 'AMZN', 'GOOGL', 'MSFT', 'TSLA']}
2025-08-18 12:29:34,395 - files_reader - INFO: Функция сработала штатно, получены данные: {'user_currencies': ['USD', 'EUR', 'RUB'], 'user_stocks': ['AAPL', 'AMZN', 'GOOGL', 'MSFT', 'TSLA']}
2025-08-18 13:24:32,355 - files_reader - ERROR: Файл по пути C:\Users\Admin\PycharmProjects\Coursework_01\src\../data\operations.xlsx не найден
2025-08-18 13:24:32,423 - files_reader - INFO: Функция сработала штатно, получены данные: {'user_currencies': ['USD', 'EUR', 'RUB'], 'user_stocks': ['AAPL', 'AMZN', 'GOOGL', 'MSFT', 'TSLA']}
2025-08-18 13:24:32,424 - files_reader - INFO: Функция сработала штатно, получены данные: {'user_currencies': ['USD', 'EUR', 'RUB'], 'user_stocks': ['AAPL', 'AMZN', 'GOOGL', 'MSFT', 'TSLA']}
2025-08-18 13:28:43,139 - files_reader - ERROR: Файл по пути C:\Users\Admin\PycharmProjects\Coursework_01\src\../data\operations.xlsx не найден
2025-08-18 13:28:43,559 - files_reader - INFO: Функция сработала штатно, получены данные: {'user_currencies': ['USD', 'EUR', 'RUB'], 'user_stocks': ['AAPL', 'AMZN', 'GOOGL', 'MSFT', 'TSLA']}
2025-08-18 13:28:43,559 - files_reader - INFO: Функция сработала штатно, получены данные: {'user_currencies': ['USD', 'EUR', 'RUB'], 'user_stocks': ['AAPL', 'AMZN', 'GOOGL', 'MSFT', 'TSLA']}
2025-08-18 17:22:14,962 - files_reader - INFO: Функция сработала штатно, получены данные:             Дата операции  ... Сумма операции с округлением
0     31.12.2021 16:44:00  ...                       160.89
1     31.12.2021 16:42:04  ...                        64.00
2     31.12.2021 16:39:04  ...                       118.12
3     31.12.2021 15:44:39  ...                        78.05
4     31.12.2021 01:23:42  ...                       564.00
...                   ...  ...                          ...
6700  04.01.2018 14:05:08  ...                      1065.90
6701  03.01.2018 15:03:35  ...                        73.06
6702  03.01.2018 14:55:21  ...                        21.00
6703  01.01.2018 20:27:51  ...                       316.00
6704  01.01.2018 12:49:53  ...                      3000.00

[6705 rows x 15 columns]
2025-08-18 17:48:13,544 - files_reader - INFO: Функция сработала штатно, получены данные: {'user_currencies': ['USD', 'EUR']}
2025-08-18 17:48:13,550 - files_reader - ERROR: Произошла ошибка декодирования JSON в данных
2025-08-18 17:48:13,555 - files_reader - ERROR: Файл по пути wrong_path.json не найден
2025-08-18 17:48:13,590 - files_reader - INFO: Функция сработала штатно, получены данные:    column1 column2
0        1       A
1        2       B
2025-08-18 17:48:13,619 - files_reader - ERROR: Файл по пути dummy_path.xlsx не найден
2025-08-18 17:48:18,372 - files_reader - INFO: Функция сработала штатно, получены данные:             Дата операции  ... Сумма операции с округлением
0     31.12.2021 16:44:00  ...                       160.89
1     31.12.2021 16:42:04  ...                        64.00
2     31.12.2021 16:39:04  ...                       118.12
3     31.12.2021 15:44:39  ...                        78.05
4     31.12.2021 01:23:42  ...                       564.00
...                   ...  ...                          ...
6700  04.01.2018 14:05:08  ...                      1065.90
6701  03.01.2018 15:03:35  ...                        73.06
6702  03.01.2018 14:55:21  ...                        21.00
6703  01.01.2018 20:27:51  ...                       316.00
6704  01.01.2018 12:49:53  ...                      3000.00

[6705 rows x 15 columns]
2025-08-18 17:48:18,658 - files_reader - INFO: Функция сработала штатно, получены данные: {'user_currencies': ['USD', 'EUR', 'RUB'], 'user_stocks': ['AAPL', 'AMZN', 'GOOGL', 'MSFT', 'TSLA']}
2025-08-18 17:48:18,659 - files_reader - INFO: Функция сработала штатно, получены данные: {'user_currencies': ['USD', 'EUR', 'RUB'], 'user_stocks': ['AAPL', 'AMZN', 'GOOGL', 'MSFT', 'TSLA']}
2025-08-18 17:54:28,959 - files_reader - INFO: Функция сработала штатно, получены данные:             Дата операции  ... Сумма операции с округлением
0     31.12.2021 16:44:00  ...                       160.89
1     31.12.2021 16:42:04  ...                        64.00
2     31.12.2021 16:39:04  ...                       118.12
3     31.12.2021 15:44:39  ...                        78.05
4     31.12.2021 01:23:42  ...                       564.00
...                   ...  ...                          ...
6700  04.01.2018 14:05:08  ...                      1065.90
6701  03.01.2018 15:03:35  ...                        73.06
6702  03.01.2018 14:55:21  ...                        21.00
6703  01.01.2018 20:27:51  ...                       316.00
6704  01.01.2018 12:49:53  ...                      3000.00

[6705 rows x 15 columns]
2025-08-18 17:56:58,894 - files_reader - INFO: Функция сработала штатно, получены данные:             Дата операции  ... Сумма операции с округлением
0     31.12.2021 16:44:00  ...                       160.89
1     31.12.2021 16:42:04  ...                        64.00
2     31.12.2021 16:39:04  ...                       118.12
3     31.12.2021 15:44:39  ...                        78.05
4     31.12.2021 01:23:42  ...                       564.00
...                   ...  ...                          ...
6700  04.01.2018 14:05:08  ...                      1065.90
6701  03.01.2018 15:03:35  ...                        73.06
6702  03.01.2018 14:55:21  ...                        21.00
6703  01.01.2018 20:27:51  ...                       316.00
6704  01.01.2018 12:49:53  ...                      3000.00

[6705 rows x 15 columns]
2025-08-18 17:56:58,964 - files_reader - INFO: Функция сработала штатно, получены данные: {'user_currencies': ['USD', 'EUR', 'RUB'], 'user_stocks': ['AAPL', 'AMZN', 'GOOGL', 'MSFT', 'TSLA']}
2025-08-18 17:56:58,964 - files_reader - INFO: Функция сработала штатно, получены данные: {'user_currencies': ['USD', 'EUR', 'RUB'], 'user_stocks': ['AAPL', 'AMZN', 'GOOGL', 'MSFT', 'TSLA']}
2025-08-18 18:36:11,789 - files_reader - INFO: Функция сработала штатно, получены данные: {'user_currencies': ['USD', 'EUR']}
2025-08-18 18:36:11,815 - files_reader - ERROR: Произошла ошибка декодирования JSON в данных
2025-08-18 18:36:11,829 - files_reader - ERROR: Файл по пути wrong_path.json не найден
2025-08-18 18:36:12,126 - files_reader - INFO: Функция сработала штатно, получены данные:    column1 column2
0        1       A
1        2       B
2025-08-18 18:36:12,145 - files_reader - ERROR: Файл по пути dummy_path.xlsx не найден
2025-08-18 18:36:19,621 - files_reader - INFO: Функция сработала штатно, получены данные:             Дата операции  ... Сумма операции с округлением
0     31.12.2021 16:44:00  ...                       160.89
1     31.12.2021 16:42:04  ...                        64.00
2     31.12.2021 16:39:04  ...                       118.12
3     31.12.2021 15:44:39  ...                        78.05
4     31.12.2021 01:23:42  ...                       564.00
...                   ...  ...                          ...
6700  04.01.2018 14:05:08  ...                      1065.90
6701  03.01.2018 15:03:35  ...                        73.06
6702  03.01.2018 14:55:21  ...                        21.00
6703  01.01.2018 20:27:51  ...                       316.00
6704  01.01.2018 12:49:53  ...                      3000.00

[6705 rows x 15 columns]
2025-08-18 18:36:19,769 - files_reader - INFO: Функция сработала штатно, получены данные: {'user_currencies': ['USD', 'EUR', 'RUB'], 'user_stocks': ['AAPL', 'AMZN', 'GOOGL', 'MSFT', 'TSLA']}
2025-08-18 18:36:19,770 - files_reader - INFO: Функция сработала штатно, получены данные: {'user_currencies': ['USD', 'EUR', 'RUB'], 'user_stocks': ['AAPL', 'AMZN', 'GOOGL', 'MSFT', 'TSLA']}
2025-08-18 19:44:07,442 - files_reader - INFO: Функция сработала штатно, получены данные: {'user_currencies': ['USD', 'EUR']}
2025-08-18 19:44:07,467 - files_reader - ERROR: Произошла ошибка декодирования JSON в данных
2025-08-18 19:44:07,473 - files_reader - ERROR: Файл по пути wrong_path.json не найден
2025-08-18 19:44:08,105 - files_reader - INFO: Функция сработала штатно, получены данные:    column1 column2
0        1       A
1        2       B
2025-08-18 19:44:08,144 - files_reader - ERROR: Файл по пути dummy_path.xlsx не найден
2025-08-18 19:44:20,830 - files_reader - INFO: Функция сработала штатно, получены данные:             Дата операции  ... Сумма операции с округлением
0     31.12.2021 16:44:00  ...                       160.89
1     31.12.2021 16:42:04  ...                        64.00
2     31.12.2021 16:39:04  ...                       118.12
3     31.12.2021 15:44:39  ...                        78.05
4     31.12.2021 01:23:42  ...                       564.00
...                   ...  ...                          ...
6700  04.01.2018 14:05:08  ...                      1065.90
6701  03.01.2018 15:03:35  ...                        73.06
6702  03.01.2018 14:55:21  ...                        21.00
6703  01.01.2018 20:27:51  ...                       316.00
6704  01.01.2018 12:49:53  ...                      3000.00

[6705 rows x 15 columns]
2025-08-18 19:44:20,933 - files_reader - INFO: Функция сработала штатно, получены данные: {'user_currencies': ['USD', 'EUR', 'RUB'], 'user_stocks': ['AAPL', 'AMZN', 'GOOGL', 'MSFT', 'TSLA']}
2025-08-18 19:44:20,934 - files_reader - INFO: Функция сработала штатно, получены данные: {'user_currencies': ['USD', 'EUR', 'RUB'], 'user_stocks': ['AAPL', 'AMZN', 'GOOGL', 'MSFT', 'TSLA']}
2025-08-18 20:18:28,290 - files_reader - INFO: Функция сработала штатно, получены данные: {'user_currencies': ['USD', 'EUR']}
2025-08-18 20:18:28,309 - files_reader - ERROR: Произошла ошибка декодирования JSON в данных
2025-08-18 20:18:28,315 - files_reader - ERROR: Файл по пути wrong_path.json не найден
2025-08-18 20:18:28,590 - files_reader - INFO: Функция сработала штатно, получены данные:    column1 column2
0        1       A
1        2       B
2025-08-18 20:18:28,651 - files_reader - ERROR: Файл по пути dummy_path.xlsx не найден
2025-08-18 20:18:42,179 - files_reader - INFO: Функция сработала штатно, получены данные:             Дата операции  ... Сумма операции с округлением
0     31.12.2021 16:44:00  ...                       160.89
1     31.12.2021 16:42:04  ...                        64.00
2     31.12.2021 16:39:04  ...                       118.12
3     31.12.2021 15:44:39  ...                        78.05
4     31.12.2021 01:23:42  ...                       564.00
...                   ...  ...                          ...
6700  04.01.2018 14:05:08  ...                      1065.90
6701  03.01.2018 15:03:35  ...                        73.06
6702  03.01.2018 14:55:21  ...                        21.00
6703  01.01.2018 20:27:51  ...                       316.00
6704  01.01.2018 12:49:53  ...                      3000.00

[6705 rows x 15 columns]
2025-08-18 20:18:42,323 - files_reader - INFO: Функция сработала штатно, получены данные: {'user_currencies': ['USD', 'EUR', 'RUB'], 'user_stocks': ['AAPL', 'AMZN', 'GOOGL', 'MSFT', 'TSLA']}
2025-08-18 20:18:42,324 - files_reader - INFO: Функция сработала штатно, получены данные: {'user_currencies': ['USD', 'EUR', 'RUB'], 'user_stocks': ['AAPL', 'AMZN', 'GOOGL', 'MSFT', 'TSLA']}
2025-08-22 13:23:24,824 - files_reader - INFO: Функция сработала штатно, получены данные: {'user_currencies': ['USD', 'EUR']}
2025-08-22 13:23:24,840 - files_reader - ERROR: Произошла ошибка декодирования JSON в данных
2025-08-22 13:23:24,844 - files_reader - ERROR: Файл по пути wrong_path.json не найден
2025-08-22 13:23:25,201 - files_reader - INFO: Функция сработала штатно, получены данные:    column1 column2
0        1       A
1        2       B
2025-08-22 13:23:25,219 - files_reader - ERROR: Файл по пути dummy_path.xlsx не найден
2025-08-22 13:23:36,445 - files_reader - INFO: Функция сработала штатно, получены данные:             Дата операции  ... Сумма операции с округлением
0     31.12.2021 16:44:00  ...                       160.89
1     31.12.2021 16:42:04  ...                        64.00
2     31.12.2021 16:39:04  ...                       118.12
3     31.12.2021 15:44:39  ...                        78.05
4     31.12.2021 01:23:42  ...                       564.00
...                   ...  ...                          ...
6700  04.01.2018 14:05:08  ...                      1065.90
6701  03.01.2018 15:03:35  ...                        73.06
6702  03.01.2018 14:55:21  ...                        21.00
6703  01.01.2018 20:27:51  ...                       316.00
6704  01.01.2018 12:49:53  ...                      3000.00

[6705 rows x 15 columns]
2025-08-22 13:23:36,771 - files_reader - INFO: Функция сработала штатно, получены данные: {'user_currencies': ['USD', 'EUR', 'RUB'], 'user_stocks': ['AAPL', 'AMZN', 'GOOGL', 'MSFT', 'TSLA']}
2025-08-22 13:23:36,772 - files_reader - INFO: Функция сработала штатно, получены данные: {'user_currencies': ['USD', 'EUR', 'RUB'], 'user_stocks': ['AAPL', 'AMZN', 'GOOGL', 'MSFT', 'TSLA']}
2025-08-22 13:30:49,843 - files_reader - INFO: Функция сработала штатно, получены данные:             Дата операции  ... Сумма операции с округлением
0     31.12.2021 16:44:00  ...                       160.89
1     31.12.2021 16:42:04  ...                        64.00
2     31.12.2021 16:39:04  ...                       118.12
3     31.12.2021 15:44:39  ...                        78.05
4     31.12.2021 01:23:42  ...                       564.00
...                   ...  ...                          ...
6700  04.01.2018 14:05:08  ...                      1065.90
6701  03.01.2018 15:03:35  ...                        73.06
6702  03.01.2018 14:55:21  ...                        21.00
6703  01.01.2018 20:27:51  ...                       316.00
6704  01.01.2018 12:49:53  ...                      3000.00

[6705 rows x 15 columns]
2025-08-22 13:30:50,019 - files_reader - INFO: Функция сработала штатно, получены данные: {'user_currencies': ['USD', 'EUR', 'RUB'], 'user_stocks': ['AAPL', 'AMZN', 'GOOGL', 'MSFT', 'TSLA']}
2025-08-22 13:30:50,019 - files_reader - INFO: Функция сработала штатно, получены данные: {'user_currencies': ['USD', 'EUR', 'RUB'], 'user_stocks': ['AAPL', 'AMZN', 'GOOGL', 'MSFT', 'TSLA']}
2025-08-22 13:32:20,684 - files_reader - INFO: Функция сработала штатно, получены данные:             Дата операции  ... Сумма операции с округлением
0     31.12.2021 16:44:00  ...                       160.89
1     31.12.2021 16:42:04  ...                        64.00
2     31.12.2021 16:39:04  ...                       118.12
3     31.12.2021 15:44:39  ...                        78.05
4     31.12.2021 01:23:42  ...                       564.00
...                   ...  ...                          ...
6700  04.01.2018 14:05:08  ...                      1065.90
6701  03.01.2018 15:03:35  ...                        73.06
6702  03.01.2018 14:55:21  ...                        21.00
6703  01.01.2018 20:27:51  ...                       316.00
6704  01.01.2018 12:49:53  ...                      3000.00

[6705 rows x 15 columns]
2025-08-22 13:32:20,796 - files_reader - INFO: Функция сработала штатно, получены данные: {'user_currencies': ['USD', 'EUR', 'RUB'], 'user_stocks': ['AAPL', 'AMZN', 'GOOGL', 'MSFT', 'TSLA']}
2025-08-22 13:32:20,796 - files_reader - INFO: Функция сработала штатно, получены данные: {'user_currencies': ['USD', 'EUR', 'RUB'], 'user_stocks': ['AAPL', 'AMZN', 'GOOGL', 'MSFT', 'TSLA']}
2025-08-22 13:37:17,894 - files_reader - INFO: Функция сработала штатно, получены данные:             Дата операции  ... Сумма операции с округлением
0     31.12.2021 16:44:00  ...                       160.89
1     31.12.2021 16:42:04  ...                        64.00
2     31.12.2021 16:39:04  ...                       118.12
3     31.12.2021 15:44:39  ...                        78.05
4     31.12.2021 01:23:42  ...                       564.00
...                   ...  ...                          ...
6700  04.01.2018 14:05:08  ...                      1065.90
6701  03.01.2018 15:03:35  ...                        73.06
6702  03.01.2018 14:55:21  ...                        21.00
6703  01.01.2018 20:27:51  ...                       316.00
6704  01.01.2018 12:49:53  ...                      3000.00

[6705 rows x 15 columns]
2025-08-22 13:37:18,042 - files_reader - INFO: Функция сработала штатно, получены данные: {'user_currencies': ['USD', 'EUR', 'RUB'], 'user_stocks': ['AAPL', 'AMZN', 'GOOGL', 'MSFT', 'TSLA']}
2025-08-22 13:37:18,043 - files_reader - INFO: Функция сработала штатно, получены данные: {'user_currencies': ['USD', 'EUR', 'RUB'], 'user_stocks': ['AAPL', 'AMZN', 'GOOGL', 'MSFT', 'TSLA']}
2025-08-22 13:45:46,009 - files_reader - INFO: Функция сработала штатно, получены данные:             Дата операции  ... Сумма операции с округлением
0     31.12.2021 16:44:00  ...                       160.89
1     31.12.2021 16:42:04  ...                        64.00
2     31.12.2021 16:39:04  ...                       118.12
3     31.12.2021 15:44:39  ...                        78.05
4     31.12.2021 01:23:42  ...                       564.00
...                   ...  ...                          ...
6700  04.01.2018 14:05:08  ...                      1065.90
6701  03.01.2018 15:03:35  ...                        73.06
6702  03.01.2018 14:55:21  ...                        21.00
6703  01.01.2018 20:27:51  ...                       316.00
6704  01.01.2018 12:49:53  ...                      3000.00

[6705 rows x 15 columns]
2025-08-22 13:45:46,199 - files_reader - INFO: Функция сработала штатно, получены данные: {'user_currencies': ['USD', 'EUR', 'RUB'], 'user_stocks': ['AAPL', 'AMZN', 'GOOGL', 'MSFT', 'TSLA']}
2025-08-22 13:45:46,199 - files_reader - INFO: Функция сработала штатно, получены данные: {'user_currencies': ['USD', 'EUR', 'RUB'], 'user_stocks': ['AAPL', 'AMZN', 'GOOGL', 'MSFT', 'TSLA']}
2025-08-22 13:49:05,900 - files_reader - INFO: Функция сработала штатно, получены данные: {'user_currencies': ['USD', 'EUR']}
2025-08-22 13:49:05,910 - files_reader - ERROR: Произошла ошибка декодирования JSON в данных
2025-08-22 13:49:05,917 - files_reader - ERROR: Файл по пути wrong_path.json не найден
2025-08-22 13:49:07,280 - files_reader - INFO: Функция сработала штатно, получены данные:    column1 column2
0        1       A
1        2       B
2025-08-22 13:49:07,411 - files_reader - ERROR: Файл по пути dummy_path.xlsx не найден
2025-08-22 13:49:23,722 - files_reader - INFO: Функция сработала штатно, получены данные:             Дата операции  ... Сумма операции с округлением
0     31.12.2021 16:44:00  ...                       160.89
1     31.12.2021 16:42:04  ...                        64.00
2     31.12.2021 16:39:04  ...                       118.12
3     31.12.2021 15:44:39  ...                        78.05
4     31.12.2021 01:23:42  ...                       564.00
...                   ...  ...                          ...
6700  04.01.2018 14:05:08  ...                      1065.90
6701  03.01.2018 15:03:35  ...                        73.06
6702  03.01.2018 14:55:21  ...                        21.00
6703  01.01.2018 20:27:51  ...                       316.00
6704  01.01.2018 12:49:53  ...                      3000.00

[6705 rows x 15 columns]
2025-08-22 13:49:23,858 - files_reader - INFO: Функция сработала штатно, получены данные: {'user_currencies': ['USD', 'EUR', 'RUB'], 'user_stocks': ['AAPL', 'AMZN', 'GOOGL', 'MSFT', 'TSLA']}
2025-08-22 13:49:23,858 - files_reader - INFO: Функция сработала штатно, получены данные: {'user_currencies': ['USD', 'EUR', 'RUB'], 'user_stocks': ['AAPL', 'AMZN', 'GOOGL', 'MSFT', 'TSLA']}
