2025-08-18 12:19:38,805 - utils - INFO: Функция сработала штатно, приветствие: Доброе утро
2025-08-18 12:19:38,806 - utils - INFO: Функция сработала штатно, приветствие: Добрый день
2025-08-18 12:19:38,806 - utils - INFO: Функция сработала штатно, приветствие: Добрый вечер
2025-08-18 12:19:38,807 - utils - INFO: Функция сработала штатно, приветствие: Доброй ночи
2025-08-18 12:19:38,813 - utils - INFO: Работа функции завершилась штатно.
2025-08-18 12:19:38,820 - utils - ERROR: По указанным параметрам нет возвращаемых данных
2025-08-18 12:19:38,834 - utils - INFO: Работа функции завершилась штатно.
2025-08-18 12:19:38,836 - utils - ERROR: По указанным параметрам нет возвращаемых данных
2025-08-18 12:19:38,844 - utils - INFO: Функция сработала штатно, приветствие: Добрый день
2025-08-18 12:22:23,841 - utils - INFO: Функция сработала штатно, приветствие: Доброе утро
2025-08-18 12:22:23,841 - utils - INFO: Функция сработала штатно, приветствие: Добрый день
2025-08-18 12:22:23,841 - utils - INFO: Функция сработала штатно, приветствие: Добрый вечер
2025-08-18 12:22:23,841 - utils - INFO: Функция сработала штатно, приветствие: Доброй ночи
2025-08-18 12:22:23,844 - utils - INFO: Работа функции завершилась штатно.
2025-08-18 12:22:23,846 - utils - ERROR: По указанным параметрам нет возвращаемых данных
2025-08-18 12:22:23,848 - utils - INFO: Работа функции завершилась штатно.
2025-08-18 12:22:23,851 - utils - ERROR: По указанным параметрам нет возвращаемых данных
2025-08-18 12:22:23,858 - utils - INFO: Функция сработала штатно, приветствие: Добрый день
2025-08-18 12:29:34,313 - utils - INFO: Функция сработала штатно, приветствие: Доброе утро
2025-08-18 12:29:34,342 - utils - INFO: Функция сработала штатно, приветствие: Добрый день
2025-08-18 12:29:34,343 - utils - INFO: Функция сработала штатно, приветствие: Добрый вечер
2025-08-18 12:29:34,343 - utils - INFO: Функция сработала штатно, приветствие: Доброй ночи
2025-08-18 12:29:34,350 - utils - INFO: Работа функции завершилась штатно.
2025-08-18 12:29:34,355 - utils - ERROR: По указанным параметрам нет возвращаемых данных
2025-08-18 12:29:34,359 - utils - INFO: Работа функции завершилась штатно.
2025-08-18 12:29:34,364 - utils - ERROR: По указанным параметрам нет возвращаемых данных
2025-08-18 12:29:34,395 - utils - INFO: Функция сработала штатно, приветствие: Добрый день
2025-08-18 13:24:32,424 - utils - INFO: Функция сработала штатно, приветствие: Добрый день
2025-08-18 13:28:43,559 - utils - INFO: Функция сработала штатно, приветствие: Добрый день
2025-08-18 17:48:13,639 - utils - INFO: Функция сработала штатно, приветствие: Доброе утро
2025-08-18 17:48:13,652 - utils - INFO: Функция сработала штатно, приветствие: Добрый день
2025-08-18 17:48:13,653 - utils - INFO: Функция сработала штатно, приветствие: Добрый вечер
2025-08-18 17:48:13,663 - utils - INFO: Функция сработала штатно, приветствие: Доброй ночи
2025-08-18 17:48:13,666 - utils - INFO: Работа функции завершилась штатно.
2025-08-18 17:48:13,669 - utils - ERROR: По указанным параметрам нет возвращаемых данных
2025-08-18 17:48:13,671 - utils - INFO: Работа функции завершилась штатно.
2025-08-18 17:48:13,674 - utils - ERROR: По указанным параметрам нет возвращаемых данных
2025-08-18 17:48:18,659 - utils - INFO: Функция сработала штатно, приветствие: Добрый день
2025-08-18 17:48:18,787 - utils - INFO: Работа функции завершилась штатно.
2025-08-18 17:48:18,890 - utils - INFO: Работа функции завершилась штатно.
2025-08-18 17:56:58,964 - utils - INFO: Функция сработала штатно, приветствие: Добрый день
2025-08-18 17:56:59,084 - utils - ERROR: По указанным параметрам нет возвращаемых данных
2025-08-18 17:56:59,182 - utils - ERROR: По указанным параметрам нет возвращаемых данных
2025-08-18 18:36:12,189 - utils - INFO: Функция сработала штатно, приветствие: Доброе утро
2025-08-18 18:36:12,201 - utils - INFO: Функция сработала штатно, приветствие: Добрый день
2025-08-18 18:36:12,201 - utils - INFO: Функция сработала штатно, приветствие: Добрый вечер
2025-08-18 18:36:12,201 - utils - INFO: Функция сработала штатно, приветствие: Доброй ночи
2025-08-18 18:36:12,210 - utils - INFO: Работа функции завершилась штатно.
2025-08-18 18:36:12,213 - utils - ERROR: По указанным параметрам нет возвращаемых данных
2025-08-18 18:36:12,217 - utils - INFO: Работа функции завершилась штатно.
2025-08-18 18:36:12,220 - utils - ERROR: По указанным параметрам нет возвращаемых данных
2025-08-18 18:36:19,770 - utils - INFO: Функция сработала штатно, приветствие: Добрый вечер
2025-08-18 18:36:20,363 - utils - INFO: Работа функции завершилась штатно.
2025-08-18 18:36:20,955 - utils - INFO: Работа функции завершилась штатно.
2025-08-18 19:44:08,206 - utils - INFO: Функция сработала штатно, приветствие: Доброе утро
2025-08-18 19:44:08,212 - utils - INFO: Функция сработала штатно, приветствие: Добрый день
2025-08-18 19:44:08,212 - utils - INFO: Функция сработала штатно, приветствие: Добрый вечер
2025-08-18 19:44:08,212 - utils - INFO: Функция сработала штатно, приветствие: Доброй ночи
2025-08-18 19:44:08,218 - utils - INFO: Работа функции завершилась штатно.
2025-08-18 19:44:08,222 - utils - ERROR: По указанным параметрам нет возвращаемых данных
2025-08-18 19:44:08,227 - utils - INFO: Работа функции завершилась штатно.
2025-08-18 19:44:08,231 - utils - ERROR: По указанным параметрам нет возвращаемых данных
2025-08-18 19:44:20,934 - utils - INFO: Функция сработала штатно, приветствие: Добрый вечер
2025-08-18 19:44:21,033 - utils - INFO: Работа функции завершилась штатно.
2025-08-18 19:44:21,129 - utils - INFO: Работа функции завершилась штатно.
2025-08-18 20:18:28,705 - utils - INFO: Функция сработала штатно, приветствие: Доброе утро
2025-08-18 20:18:28,738 - utils - INFO: Функция сработала штатно, приветствие: Добрый день
2025-08-18 20:18:28,738 - utils - INFO: Функция сработала штатно, приветствие: Добрый вечер
2025-08-18 20:18:28,739 - utils - INFO: Функция сработала штатно, приветствие: Доброй ночи
2025-08-18 20:18:28,752 - utils - INFO: Работа функции завершилась штатно.
2025-08-18 20:18:28,757 - utils - ERROR: По указанным параметрам нет возвращаемых данных
2025-08-18 20:18:28,761 - utils - INFO: Работа функции завершилась штатно.
2025-08-18 20:18:28,765 - utils - ERROR: По указанным параметрам нет возвращаемых данных
2025-08-18 20:18:42,334 - utils - INFO: Функция сработала штатно, приветствие: Добрый вечер
2025-08-18 20:18:42,945 - utils - INFO: Работа функции завершилась штатно.
2025-08-18 20:18:43,543 - utils - INFO: Работа функции завершилась штатно.
2025-08-22 13:23:25,259 - utils - INFO: Функция сработала штатно, приветствие: Доброе утро
2025-08-22 13:23:25,279 - utils - INFO: Функция сработала штатно, приветствие: Добрый день
2025-08-22 13:23:25,279 - utils - INFO: Функция сработала штатно, приветствие: Добрый вечер
2025-08-22 13:23:25,279 - utils - INFO: Функция сработала штатно, приветствие: Доброй ночи
2025-08-22 13:23:25,283 - utils - INFO: Работа функции завершилась штатно.
2025-08-22 13:23:25,286 - utils - ERROR: По указанным параметрам нет возвращаемых данных
2025-08-22 13:23:25,289 - utils - INFO: Работа функции завершилась штатно.
2025-08-22 13:23:25,292 - utils - ERROR: По указанным параметрам нет возвращаемых данных
2025-08-22 13:23:36,772 - utils - INFO: Функция сработала штатно, приветствие: Добрый день
2025-08-22 13:23:36,894 - utils - INFO: Работа функции завершилась штатно.
2025-08-22 13:23:36,990 - utils - INFO: Работа функции завершилась штатно.
2025-08-22 13:30:50,019 - utils - INFO: Функция сработала штатно, приветствие: Добрый день
2025-08-22 13:30:50,130 - utils - INFO: Работа функции завершилась штатно.
2025-08-22 13:30:50,228 - utils - INFO: Работа функции завершилась штатно.
2025-08-22 13:32:20,796 - utils - INFO: Функция сработала штатно, приветствие: Добрый день
2025-08-22 13:32:20,897 - utils - INFO: Работа функции завершилась штатно.
2025-08-22 13:32:20,997 - utils - INFO: Работа функции завершилась штатно.
2025-08-22 13:37:18,043 - utils - INFO: Функция сработала штатно, приветствие: Добрый день
2025-08-22 13:37:18,154 - utils - INFO: Работа функции завершилась штатно.
2025-08-22 13:37:18,251 - utils - INFO: Работа функции завершилась штатно.
2025-08-22 13:45:46,199 - utils - INFO: Функция сработала штатно, приветствие: Добрый день
2025-08-22 13:45:46,314 - utils - INFO: Работа функции завершилась штатно.
2025-08-22 13:45:46,415 - utils - INFO: Работа функции завершилась штатно.
2025-08-22 13:49:07,529 - utils - INFO: Функция сработала штатно, приветствие: Доброе утро
2025-08-22 13:49:07,530 - utils - INFO: Функция сработала штатно, приветствие: Добрый день
2025-08-22 13:49:07,530 - utils - INFO: Функция сработала штатно, приветствие: Добрый вечер
2025-08-22 13:49:07,531 - utils - INFO: Функция сработала штатно, приветствие: Доброй ночи
2025-08-22 13:49:07,541 - utils - INFO: Работа функции завершилась штатно.
2025-08-22 13:49:07,545 - utils - ERROR: По указанным параметрам нет возвращаемых данных
2025-08-22 13:49:07,549 - utils - INFO: Работа функции завершилась штатно.
2025-08-22 13:49:07,553 - utils - ERROR: По указанным параметрам нет возвращаемых данных
2025-08-22 13:49:23,859 - utils - INFO: Функция сработала штатно, приветствие: Добрый день
2025-08-22 13:49:24,458 - utils - INFO: Работа функции завершилась штатно.
2025-08-22 13:49:25,052 - utils - INFO: Работа функции завершилась штатно.
